{"name": "test_login_with_password", "status": "failed", "statusDetails": {"message": "AssertionError: failed\nassert 1 == 3", "trace": "@pytest.mark.regression\n    @pytest.mark.smoke\n    def test_login_with_password():\n        print(\"Login with valid password\")\n>       assert 1==3,\"failed\"\nE       AssertionError: failed\nE       assert 1 == 3\n\ntest_suite_1.py:14: AssertionError"}, "attachments": [{"name": "stdout", "source": "0bf8aa00-40b7-4503-8d2f-2223b88a5e71-attachment.txt", "type": "text/plain"}], "start": 1697567029783, "stop": 1697567029783, "uuid": "071ca16d-ba32-447a-a701-9676b8b365ae", "historyId": "06fcf320498eaa8b2c7e9d37ed48657a", "testCaseId": "06fcf320498eaa8b2c7e9d37ed48657a", "fullName": "test_suite_1#test_login_with_password", "labels": [{"name": "tag", "value": "smoke"}, {"name": "tag", "value": "regression"}, {"name": "tag", "value": "frontend"}, {"name": "tag", "value": "slow"}, {"name": "suite", "value": "test_suite_1"}, {"name": "host", "value": "DESKTOP-PKBQR3M"}, {"name": "thread", "value": "41396-MainThread"}, {"name": "framework", "value": "pytest"}, {"name": "language", "value": "cpython3"}, {"name": "package", "value": "test_suite_1"}]}